<?xml version="1.0" encoding="UTF-8"?>
<!-- Generated by org.testng.reporters.JUnitReportReporter -->
<testsuite hostname="DESKTOP-9RLCIRO" failures="0" tests="4" name="test2.com.TestATclass" time="7.906" errors="0" timestamp="2025-06-30T21:26:55 IST" skipped="0">
  <testcase classname="test2.com.TestATclass" name="verifyLogin" time="1.048"/>
  <testcase classname="test2.com.TestATclass" name="verifyLogin" time="0.998"/>
  <testcase classname="test2.com.TestATclass" name="verifyLogin" time="1.114"/>
  <testcase classname="test2.com.TestATclass" name="verifyLogin" time="4.746"/>
</testsuite> <!-- test2.com.TestATclass -->
