<?xml version="1.0" encoding="UTF-8"?>
<!-- Generated by org.testng.reporters.JUnitReportReporter -->
<testsuite hostname="DESKTOP-9RLCIRO" failures="0" tests="1" name="project.com.GoogleTest" time="8.883" errors="0" timestamp="2025-06-20T10:17:45 IST" skipped="0">
  <testcase classname="project.com.GoogleTest" name="openGoogle" time="8.883"/>
</testsuite> <!-- project.com.GoogleTest -->
