<?xml version="1.0" encoding="UTF-8"?>
<!-- Generated by org.testng.reporters.JUnitReportReporter -->
<testsuite hostname="DESKTOP-9RLCIRO" failures="0" tests="1" name="mavenproject.GoogleTest" time="1.376" errors="0" timestamp="2025-06-19T22:36:26 IST" skipped="0">
  <testcase classname="mavenproject.GoogleTest" name="verifyGoogleTitle" time="1.376"/>
</testsuite> <!-- mavenproject.GoogleTest -->
