<?xml version="1.0" encoding="UTF-8"?>
<!-- Generated by org.testng.reporters.JUnitReportReporter -->
<testsuite hostname="DESKTOP-9RLCIRO" failures="0" tests="1" name="test.com.NoPomTestGuru99Login" time="12.518" errors="0" timestamp="2025-06-26T07:40:59 IST" skipped="0">
  <testcase classname="test.com.NoPomTestGuru99Login" name="test_Home_Page_Appear_Correct" time="12.518"/>
</testsuite> <!-- test.com.NoPomTestGuru99Login -->
