<?xml version="1.0" encoding="UTF-8"?>
<!-- Generated by org.testng.reporters.JUnitReportReporter -->
<testsuite hostname="DESKTOP-9RLCIRO" failures="0" tests="1" name="mavenproject.GoogleTestOne" time="5.199" errors="0" timestamp="2025-06-19T23:24:23 IST" skipped="0">
  <testcase classname="mavenproject.GoogleTestOne" name="openGoogle" time="5.199"/>
</testsuite> <!-- mavenproject.GoogleTestOne -->
