<?xml version="1.0" encoding="UTF-8"?>
<!-- Generated by org.testng.reporters.JUnitReportReporter -->
<testsuite hostname="DESKTOP-9RLCIRO" failures="0" tests="4" name="test2.com.TestATclass" time="6.742" errors="0" timestamp="2025-06-30T17:38:37 IST" skipped="0">
  <testcase classname="test2.com.TestATclass" name="verifyLogin" time="4.247"/>
  <testcase classname="test2.com.TestATclass" name="verifyLogin" time="0.811"/>
  <testcase classname="test2.com.TestATclass" name="verifyLogin" time="0.872"/>
  <testcase classname="test2.com.TestATclass" name="verifyLogin" time="0.812"/>
</testsuite> <!-- test2.com.TestATclass -->
